SF:lib/core/model/address_model.dart
DA:18,6
DA:28,0
DA:29,0
DA:31,0
DA:33,2
DA:34,1
DA:35,1
DA:36,1
DA:37,1
DA:38,1
DA:39,1
DA:40,1
DA:43,2
DA:44,1
DA:45,1
DA:46,1
DA:47,1
DA:48,1
DA:49,1
DA:50,1
DA:53,2
DA:54,2
DA:55,2
DA:56,2
DA:57,2
DA:58,2
DA:59,2
DA:60,2
DA:61,2
LF:29
LH:26
end_of_record
SF:lib/presentation/favorite_page/cubit/favorite_cubit.dart
DA:9,1
DA:11,2
DA:16,1
DA:17,1
DA:18,2
DA:20,2
DA:21,2
DA:25,3
DA:28,1
DA:29,1
DA:30,2
DA:32,6
DA:34,2
DA:35,1
DA:37,2
DA:38,2
DA:39,2
DA:42,3
LF:18
LH:18
end_of_record
SF:lib/presentation/favorite_page/cubit/favorite_state.dart
DA:5,1
DA:6,1
DA:14,1
DA:16,1
DA:17,2
DA:23,1
LF:6
LH:6
end_of_record
SF:lib/data/shared_services.dart
DA:9,0
DA:10,0
DA:13,0
DA:14,0
DA:15,0
DA:18,0
DA:19,0
DA:20,0
DA:23,0
DA:24,0
DA:25,0
DA:28,0
DA:29,0
DA:30,0
DA:33,0
DA:37,0
DA:40,0
DA:42,0
DA:45,0
DA:46,0
DA:48,0
DA:50,0
LF:22
LH:0
end_of_record
SF:lib/presentation/counter_page/counter_page.dart
DA:16,1
DA:20,1
DA:21,1
DA:31,0
DA:32,3
DA:34,1
DA:36,1
DA:37,1
DA:38,1
DA:41,1
DA:42,1
DA:43,1
DA:44,0
DA:46,2
DA:47,1
DA:51,1
DA:53,2
DA:54,0
DA:56,2
DA:57,1
DA:61,1
DA:63,1
DA:64,1
DA:65,1
DA:66,1
DA:70,1
DA:71,1
DA:72,1
DA:75,1
DA:76,2
DA:77,0
DA:84,1
DA:87,1
DA:90,1
DA:91,1
DA:93,3
DA:95,1
DA:96,1
DA:99,0
DA:100,0
DA:102,1
DA:103,1
DA:106,0
DA:107,0
LF:44
LH:36
end_of_record
SF:lib/presentation/navigation_page/cubit/navigation_cubit.dart
DA:5,2
DA:7,1
DA:9,1
DA:10,1
DA:12,1
DA:13,1
DA:15,1
DA:16,1
LF:8
LH:8
end_of_record
SF:lib/presentation/search_page/cubit/search_cubit.dart
DA:14,1
DA:17,2
DA:25,1
DA:26,2
DA:27,1
DA:28,1
DA:30,2
DA:34,2
DA:36,2
DA:37,3
DA:39,1
DA:40,2
DA:41,2
DA:46,1
DA:47,0
DA:48,0
DA:52,2
DA:53,2
DA:54,1
DA:56,2
DA:58,2
DA:59,2
DA:61,3
DA:65,1
DA:68,1
DA:69,2
DA:70,1
DA:72,1
DA:73,2
DA:75,2
DA:76,2
DA:79,2
DA:81,2
DA:82,1
DA:84,2
DA:86,2
DA:87,1
DA:89,2
LF:38
LH:36
end_of_record
SF:lib/presentation/search_page/cubit/search_state.dart
DA:5,1
DA:6,1
DA:16,3
DA:22,3
DA:28,2
DA:34,2
DA:40,2
LF:7
LH:7
end_of_record
SF:lib/presentation/theme/cubit/theme_cubit.dart
DA:13,2
DA:14,2
DA:16,0
DA:17,0
DA:18,0
DA:23,2
DA:24,1
DA:29,1
DA:31,2
DA:35,1
DA:38,0
DA:39,0
DA:40,0
DA:41,0
DA:46,0
DA:48,0
DA:49,0
DA:54,0
DA:60,1
DA:61,1
LF:20
LH:9
end_of_record
SF:lib/presentation/counter_page/widgets/counter_bar_widget.dart
DA:9,1
DA:17,1
DA:18,1
DA:19,1
DA:20,1
DA:21,1
DA:22,1
DA:24,1
DA:25,1
DA:26,1
DA:27,1
DA:28,3
DA:31,1
DA:32,1
DA:33,1
DA:34,4
DA:35,3
DA:41,1
DA:44,1
DA:46,3
DA:48,1
DA:49,1
DA:50,2
DA:51,3
DA:61,2
DA:62,3
LF:26
LH:26
end_of_record
SF:lib/core/di/setup_locator.dart
DA:8,6
DA:10,0
DA:11,0
DA:12,0
DA:15,0
DA:16,0
DA:19,0
DA:20,0
LF:8
LH:1
end_of_record
SF:lib/presentation/navigation_page/cubit/navigation_state.dart
DA:9,7
DA:11,1
DA:12,3
LF:3
LH:3
end_of_record
SF:lib/core/exceptions/error.dart
DA:6,1
DA:12,0
DA:18,1
LF:3
LH:2
end_of_record
SF:lib/presentation/theme/theme_colors.dart
DA:4,0
DA:5,0
DA:6,0
DA:60,0
DA:61,0
DA:62,0
LF:6
LH:0
end_of_record
SF:lib/core/commons/extensions.dart
DA:6,2
DA:7,6
DA:9,4
DA:10,6
DA:11,6
DA:12,2
DA:14,0
DA:15,0
DA:16,0
DA:17,0
DA:19,0
DA:20,0
LF:12
LH:6
end_of_record
SF:lib/core/commons/messages.dart
DA:6,1
DA:8,1
DA:9,1
DA:12,1
DA:13,4
DA:15,1
DA:16,4
DA:18,1
DA:19,2
DA:21,3
DA:22,1
DA:24,1
DA:28,1
DA:30,4
DA:31,0
DA:32,0
DA:41,3
LF:17
LH:15
end_of_record
SF:lib/data/repositories/via_cep_repository_imp.dart
DA:12,0
DA:14,0
DA:17,0
DA:19,0
DA:20,0
DA:22,0
DA:25,0
DA:28,0
DA:29,0
DA:31,0
DA:34,0
DA:39,0
DA:45,0
LF:13
LH:0
end_of_record
SF:lib/presentation/favorite_page/favorite_page.dart
DA:13,0
DA:17,0
DA:18,0
DA:22,0
DA:24,0
DA:25,0
DA:28,0
DA:31,0
DA:32,0
DA:33,0
DA:34,0
DA:35,0
DA:36,0
DA:37,0
DA:41,0
DA:42,0
DA:43,0
DA:47,0
DA:48,0
DA:53,0
DA:54,0
DA:55,0
DA:56,0
DA:57,0
LF:24
LH:0
end_of_record
SF:lib/presentation/favorite_page/widgets/adresses_builder_widget.dart
DA:19,0
DA:26,0
DA:28,0
DA:30,0
DA:31,0
DA:32,0
DA:33,0
DA:38,0
DA:40,0
DA:42,0
DA:44,0
DA:45,0
DA:47,0
DA:48,0
DA:49,0
DA:55,0
DA:56,0
DA:57,0
DA:60,0
DA:61,0
DA:62,0
DA:63,0
DA:64,0
DA:67,0
DA:73,0
DA:74,0
DA:75,0
DA:78,0
DA:79,0
DA:80,0
DA:83,0
DA:90,0
DA:91,0
DA:93,0
DA:99,0
DA:102,0
DA:103,0
DA:104,0
DA:105,0
DA:108,0
DA:109,0
DA:110,0
DA:113,0
DA:114,0
DA:115,0
DA:116,0
DA:117,0
DA:120,0
DA:121,0
DA:125,0
DA:127,0
DA:141,0
DA:147,0
DA:148,0
DA:150,0
DA:156,0
DA:158,0
LF:57
LH:0
end_of_record
SF:lib/presentation/search_page/search_page.dart
DA:13,1
DA:15,1
DA:16,1
DA:20,3
DA:23,1
DA:24,1
DA:25,3
DA:26,1
DA:27,1
DA:28,1
DA:29,1
DA:33,1
DA:34,1
DA:35,3
DA:36,1
DA:37,3
DA:38,1
DA:39,3
DA:40,1
DA:41,3
DA:45,1
DA:46,1
DA:47,1
DA:48,1
DA:49,1
DA:52,2
LF:26
LH:26
end_of_record
SF:lib/presentation/search_page/widgets/initial_widget.dart
DA:14,3
DA:18,3
DA:19,3
DA:23,0
DA:27,3
DA:29,3
DA:30,6
DA:33,3
DA:34,3
DA:37,3
DA:38,3
DA:40,9
DA:43,3
DA:45,3
DA:47,3
DA:48,0
DA:49,0
DA:52,0
DA:53,0
DA:56,3
DA:58,3
DA:59,3
DA:60,3
DA:61,3
DA:62,3
DA:63,3
DA:67,3
DA:68,3
DA:69,3
DA:70,3
DA:71,3
DA:72,3
DA:82,3
DA:83,3
DA:84,3
DA:87,3
DA:88,0
DA:89,0
DA:92,0
DA:93,0
DA:103,3
DA:105,6
DA:106,3
LF:43
LH:34
end_of_record
SF:lib/presentation/search_page/widgets/success_widget.dart
DA:15,2
DA:21,2
DA:22,2
DA:24,2
DA:26,2
DA:27,4
DA:28,2
DA:35,2
DA:37,2
DA:38,2
DA:40,2
DA:42,6
DA:46,2
DA:47,4
DA:49,6
DA:54,2
DA:55,2
DA:56,2
LF:18
LH:18
end_of_record
SF:lib/core/widgets/custom_elevated_button.dart
DA:8,3
DA:15,3
DA:17,3
DA:18,3
DA:19,3
DA:21,3
DA:22,3
DA:23,3
DA:24,9
DA:27,3
DA:28,3
DA:29,3
DA:30,9
LF:13
LH:13
end_of_record
SF:lib/presentation/search_page/widgets/add_favorites_button.dart
DA:16,2
DA:22,2
DA:23,2
DA:27,0
DA:28,0
DA:30,2
DA:32,2
DA:35,0
DA:36,0
DA:38,0
DA:40,0
DA:42,0
DA:43,0
DA:44,0
DA:45,0
DA:46,0
LF:16
LH:5
end_of_record
