SF:lib/core/features/navigation_page/cubit/navigation_cubit.dart
DA:5,2
DA:7,1
DA:9,1
DA:10,1
DA:12,1
DA:13,1
DA:15,1
DA:16,1
LF:8
LH:8
end_of_record
SF:lib/core/features/navigation_page/cubit/navigation_state.dart
DA:9,8
DA:11,1
DA:12,3
LF:3
LH:3
end_of_record
SF:lib/core/model/address_model.dart
DA:18,8
DA:28,0
DA:29,0
DA:31,0
DA:33,2
DA:34,1
DA:35,1
DA:36,1
DA:37,1
DA:38,1
DA:39,1
DA:40,1
DA:43,2
DA:44,1
DA:45,1
DA:46,1
DA:47,1
DA:48,1
DA:49,1
DA:50,1
DA:53,1
DA:54,1
DA:55,1
DA:56,1
DA:57,1
DA:58,1
DA:59,1
DA:60,1
DA:61,1
LF:29
LH:26
end_of_record
SF:lib/core/features/favorites_zip_page/cubit/favorites_cubit.dart
DA:9,2
DA:11,4
DA:16,2
DA:17,1
DA:18,4
DA:20,2
DA:21,2
DA:23,3
DA:27,1
DA:28,1
DA:29,2
DA:31,6
DA:33,2
DA:34,1
DA:36,2
DA:37,2
DA:38,2
DA:40,3
LF:18
LH:18
end_of_record
SF:lib/core/features/favorites_zip_page/cubit/favorites_state.dart
DA:5,1
DA:6,1
DA:14,2
DA:16,1
DA:17,2
DA:23,2
LF:6
LH:6
end_of_record
SF:lib/data/shared_services.dart
DA:9,1
DA:10,1
DA:13,0
DA:14,0
DA:15,0
DA:18,0
DA:19,0
DA:20,0
DA:23,0
DA:24,0
DA:25,0
DA:28,0
DA:29,0
DA:30,0
DA:33,0
DA:37,0
DA:40,0
DA:42,0
DA:45,1
DA:46,1
DA:48,0
DA:50,0
LF:22
LH:4
end_of_record
SF:lib/core/features/search_page/cubit/search_zip_cubit.dart
DA:10,1
DA:13,2
DA:21,1
DA:22,2
DA:23,1
DA:24,1
DA:26,2
DA:29,2
DA:32,2
DA:33,2
DA:34,1
DA:35,2
DA:37,1
DA:38,1
DA:39,2
DA:42,2
DA:48,1
DA:51,1
DA:52,2
DA:53,1
DA:55,1
DA:56,2
DA:58,2
DA:59,2
DA:62,2
DA:64,2
DA:65,1
DA:67,2
DA:69,2
DA:70,1
DA:72,2
LF:31
LH:31
end_of_record
SF:lib/core/features/search_page/cubit/search_zip_state.dart
DA:5,1
DA:6,1
DA:16,3
DA:22,2
DA:28,2
DA:34,2
DA:40,2
LF:7
LH:7
end_of_record
SF:lib/domain/via_cep_repository.dart
DA:11,0
DA:13,0
DA:15,0
DA:17,0
DA:18,0
DA:19,0
DA:20,0
DA:22,0
DA:25,0
LF:9
LH:0
end_of_record
SF:lib/core/features/counter_page/counter_page.dart
DA:13,7
DA:17,1
DA:18,1
DA:25,3
DA:26,0
DA:27,0
DA:29,1
DA:31,1
DA:32,1
DA:33,1
DA:36,1
DA:37,1
DA:38,0
DA:39,0
DA:41,0
DA:42,0
DA:46,1
DA:48,1
DA:49,0
DA:51,0
DA:52,0
DA:56,1
DA:58,1
DA:61,1
DA:64,1
DA:72,1
DA:73,1
DA:76,0
DA:77,0
DA:79,1
DA:80,1
DA:83,0
DA:84,0
LF:33
LH:20
end_of_record
SF:lib/core/features/favorites_zip_page/favorites_zip_page.dart
DA:11,7
DA:15,1
DA:16,1
DA:20,1
DA:22,1
DA:23,2
DA:26,3
DA:27,3
DA:29,1
DA:30,1
DA:31,1
DA:32,1
DA:35,1
DA:36,3
DA:41,1
DA:43,1
DA:44,1
DA:45,1
DA:46,1
DA:51,1
DA:52,1
DA:53,3
DA:57,1
DA:58,1
DA:63,1
DA:64,0
DA:65,1
DA:66,1
DA:67,1
LF:29
LH:28
end_of_record
SF:lib/core/features/navigation_page/navigation_page.dart
DA:20,1
DA:24,1
DA:25,1
DA:29,1
DA:31,1
DA:33,2
DA:37,0
DA:38,3
DA:39,0
DA:40,3
DA:42,1
DA:44,0
DA:45,1
DA:46,1
DA:47,0
DA:48,0
DA:49,0
DA:52,1
DA:53,0
DA:56,0
DA:57,0
DA:58,1
DA:60,0
DA:65,0
DA:66,0
DA:67,0
DA:69,0
DA:71,0
DA:82,0
DA:84,0
DA:86,0
DA:87,0
DA:88,0
DA:91,0
DA:92,0
DA:101,0
DA:102,0
DA:103,0
DA:104,0
DA:106,0
DA:107,0
DA:121,0
DA:122,0
DA:123,0
DA:126,0
DA:127,0
DA:128,0
DA:129,0
DA:132,0
DA:133,0
DA:134,0
DA:135,0
DA:138,0
DA:139,0
LF:54
LH:13
end_of_record
SF:lib/core/features/search_page/search_page.dart
DA:11,7
DA:13,1
DA:14,1
DA:18,3
DA:19,3
DA:21,1
DA:22,1
DA:23,1
DA:24,1
DA:25,1
DA:26,1
DA:30,0
DA:31,0
DA:32,0
DA:33,0
DA:34,0
DA:35,0
DA:36,0
DA:37,0
DA:38,0
DA:42,1
DA:43,1
DA:44,0
DA:45,1
DA:46,1
DA:49,1
LF:26
LH:16
end_of_record
SF:lib/core/commons/extensions.dart
DA:6,1
DA:7,4
DA:9,2
DA:10,3
DA:11,3
DA:12,1
DA:14,0
DA:15,0
DA:16,0
DA:17,0
DA:19,0
DA:20,0
LF:12
LH:6
end_of_record
SF:lib/core/commons/messages.dart
DA:6,1
DA:8,1
DA:9,1
DA:12,0
DA:13,0
DA:15,1
DA:16,4
DA:18,1
DA:19,2
DA:21,3
DA:22,1
DA:24,1
DA:28,1
DA:31,0
DA:32,0
DA:41,3
LF:16
LH:12
end_of_record
SF:lib/core/features/counter_page/widgets/counter_bar_widget.dart
DA:9,1
DA:16,1
DA:17,1
DA:18,1
DA:19,1
DA:20,1
DA:21,1
DA:23,1
DA:24,1
DA:25,1
DA:26,1
DA:27,3
DA:30,1
DA:31,1
DA:32,1
DA:33,1
DA:34,3
DA:38,1
DA:41,1
DA:43,3
DA:45,1
DA:46,1
DA:47,2
DA:48,1
DA:50,3
DA:61,2
DA:62,3
LF:27
LH:27
end_of_record
SF:lib/core/features/favorites_zip_page/widgets/adresses_builder_widget.dart
DA:19,0
DA:26,0
DA:28,0
DA:30,0
DA:31,0
DA:32,0
DA:33,0
DA:38,0
DA:39,0
DA:41,0
DA:43,0
DA:44,0
DA:46,0
DA:47,0
DA:48,0
DA:53,0
DA:54,0
DA:55,0
DA:58,0
DA:59,0
DA:60,0
DA:61,0
DA:62,0
DA:65,0
DA:71,0
DA:72,0
DA:73,0
DA:76,0
DA:77,0
DA:78,0
DA:81,0
DA:94,0
DA:97,0
DA:98,0
DA:99,0
DA:101,0
DA:102,0
DA:103,0
DA:106,0
DA:107,0
DA:108,0
DA:109,0
DA:110,0
DA:113,0
DA:114,0
DA:131,0
DA:137,0
DA:138,0
DA:140,0
DA:146,0
DA:148,0
LF:51
LH:0
end_of_record
SF:lib/core/features/search_page/widgets/initial_widget.dart
DA:14,2
DA:18,2
DA:19,2
DA:23,0
DA:27,2
DA:29,2
DA:30,4
DA:33,2
DA:34,2
DA:37,2
DA:45,2
DA:47,2
DA:49,2
DA:50,0
DA:51,0
DA:54,0
DA:55,0
DA:58,2
DA:60,2
DA:61,2
DA:66,6
DA:70,2
DA:71,2
DA:72,2
DA:75,2
DA:76,0
DA:77,0
DA:80,0
DA:81,0
DA:91,2
DA:93,4
DA:94,2
LF:32
LH:23
end_of_record
SF:lib/core/features/search_page/widgets/success_widget.dart
DA:15,1
DA:21,1
DA:22,1
DA:24,1
DA:26,1
DA:27,2
DA:28,1
DA:35,1
DA:37,1
DA:46,1
DA:47,2
DA:53,1
DA:54,1
DA:55,1
LF:14
LH:14
end_of_record
SF:lib/core/features/search_page/widgets/add_favorites_button.dart
DA:16,1
DA:22,1
DA:23,1
DA:27,0
DA:28,0
DA:30,1
DA:32,1
DA:35,0
DA:36,0
DA:38,0
DA:40,0
DA:42,0
DA:43,0
DA:44,0
DA:45,0
DA:46,0
LF:16
LH:5
end_of_record
SF:lib/core/widgets/custom_elevated_button.dart
DA:8,2
DA:15,2
DA:17,2
DA:18,2
DA:19,2
DA:21,2
DA:22,4
DA:24,4
LF:8
LH:8
end_of_record
